*** Using Compiler 'V5.06 update 6 (build 750)', folder: 'D:\Program\Keil5\ARM\ARMCC\Bin'
Rebuild target 'Fire_FreeRTOS'
assembling startup_stm32f10x_hd.s...
compiling MD5.c...
compiling tool.c...
compiling pid.c...
compiling Prow.c...
compiling main.c...
..\..\HARDWARE\state.h(14): error:  #5: cannot open source input file "configuration.h": No such file or directory
  #include "configuration.h"
main.c: 0 warnings, 1 error
compiling key.c...
compiling BootstDC.c...
compiling timer.c...
compiling flash.c...
compiling misc.c...
compiling pwm.c...
../../HARDWARE/PWM/pwm.c(7): error:  #5: cannot open source input file "configuration.h": No such file or directory
  #include "configuration.h"
../../HARDWARE/PWM/pwm.c: 0 warnings, 1 error
compiling led.c...
compiling delay.c...
compiling stm32f10x_adc.c...
compiling usart.c...
compiling stm32f10x_cec.c...
compiling sys.c...
compiling stm32f10x_crc.c...
compiling stm32f10x_exti.c...
compiling stm32f10x_dma.c...
compiling stm32f10x_flash.c...
compiling stm32f10x_gpio.c...
compiling stm32f10x_i2c.c...
compiling stm32f10x_rcc.c...
compiling stm32f10x_usart.c...
compiling stm32f10x_rtc.c...
compiling stm32f10x_spi.c...
compiling stm32f10x_tim.c...
compiling croutine.c...
compiling heap_4.c...
compiling event_groups.c...
compiling list.c...
compiling core_cm3.c...
compiling timers.c...
compiling port.c...
compiling queue.c...
compiling system_stm32f10x.c...
compiling tasks.c...
".\build\Keil\Fire_FreeRTOS.axf" - 2 Error(s), 0 Warning(s).
Target not created.
Build Time Elapsed:  00:00:01
